<?xml version="1.0" encoding="UTF-8"?>
<!-- Generated by org.testng.reporters.JUnitReportReporter -->
<testsuite hostname="Viveks-MacBook-Pro.local" name="Academy.validateTitle" tests="1" failures="0" timestamp="30 Jul 2019 02:17:34 GMT" time="0.093" errors="0">
  <testcase name="ValidateAppTitle" time="0.093" classname="Academy.validateTitle"/>
</testsuite> <!-- Academy.validateTitle -->
