<?xml version="1.0" encoding="UTF-8"?>
<!-- Generated by org.testng.reporters.JUnitReportReporter -->
<testsuite hostname="Viveks-MacBook-Pro.local" name="Academy.validateText" tests="1" failures="0" timestamp="30 Jul 2019 02:17:34 GMT" time="0.031" errors="0">
  <testcase name="ValidateTitle" time="0.031" classname="Academy.validateText"/>
</testsuite> <!-- Academy.validateText -->
