<?xml version="1.0" encoding="UTF-8"?>
<!-- Generated by org.testng.reporters.JUnitReportReporter -->
<testsuite hostname="Viveks-MacBook-Pro.local" name="Academy.validateNavigationBar" tests="1" failures="0" timestamp="30 Jul 2019 02:17:34 GMT" time="0.050" errors="0">
  <testcase name="validateAppNavBar" time="0.050" classname="Academy.validateNavigationBar"/>
</testsuite> <!-- Academy.validateNavigationBar -->
