<?xml version="1.0" encoding="UTF-8"?>
<!-- Generated by org.testng.reporters.JUnitReportReporter -->
<testsuite hostname="Viveks-MacBook-Pro.local" name="Academy.HomePage" tests="2" failures="0" timestamp="30 Jul 2019 02:23:27 GMT" time="17.709" errors="0">
  <testcase name="BasePagenavigation" time="5.372" classname="Academy.HomePage"/>
  <testcase name="BasePagenavigation" time="12.337" classname="Academy.HomePage"/>
</testsuite> <!-- Academy.HomePage -->
